<?xml version="1.0" encoding="UTF-8"?>
<testng-results skipped="0" failed="0" ignored="0" total="3" passed="3">
  <reporter-output>
  </reporter-output>
  <suite name="Default suite" duration-ms="182" started-at="2017-02-13T02:13:44Z" finished-at="2017-02-13T02:13:44Z">
    <groups>
    </groups>
    <test name="Default test" duration-ms="182" started-at="2017-02-13T02:13:44Z" finished-at="2017-02-13T02:13:44Z">
      <class name="com.TestNg.TestNG1">
        <test-method status="PASS" signature="start()[pri:0, instance:com.TestNg.TestNG1@48eff760]" name="start" is-config="true" duration-ms="27" started-at="2017-02-12T21:13:44Z" finished-at="2017-02-12T21:13:44Z">
          <reporter-output>
          </reporter-output>
        </test-method> <!-- start -->
        <test-method status="PASS" signature="tc_1()[pri:0, instance:com.TestNg.TestNG1@48eff760]" name="tc_1" duration-ms="26" started-at="2017-02-12T21:13:44Z" finished-at="2017-02-12T21:13:44Z">
          <reporter-output>
          </reporter-output>
        </test-method> <!-- tc_1 -->
        <test-method status="PASS" signature="tc_2()[pri:0, instance:com.TestNg.TestNG1@48eff760]" name="tc_2" duration-ms="16" started-at="2017-02-12T21:13:44Z" finished-at="2017-02-12T21:13:44Z">
          <reporter-output>
          </reporter-output>
        </test-method> <!-- tc_2 -->
        <test-method status="PASS" signature="tc_3()[pri:0, instance:com.TestNg.TestNG1@48eff760]" name="tc_3" duration-ms="9" started-at="2017-02-12T21:13:44Z" finished-at="2017-02-12T21:13:44Z">
          <reporter-output>
          </reporter-output>
        </test-method> <!-- tc_3 -->
      </class> <!-- com.TestNg.TestNG1 -->
    </test> <!-- Default test -->
  </suite> <!-- Default suite -->
</testng-results>
