<?xml version="1.0" encoding="UTF-8"?>
<testng-results skipped="0" failed="0" total="1" passed="1">
  <reporter-output>
  </reporter-output>
  <suite name="testng.SecondTest" duration-ms="8499" started-at="2017-04-04T16:26:57Z" finished-at="2017-04-04T16:27:06Z">
    <groups>
    </groups>
    <test name="Command line test" duration-ms="8499" started-at="2017-04-04T16:26:57Z" finished-at="2017-04-04T16:27:06Z">
      <class name="testng.SecondTest">
        <test-method status="PASS" signature="beforeMethod()[pri:0, instance:testng.SecondTest@17550481]" name="beforeMethod" is-config="true" duration-ms="7417" started-at="2017-04-04T12:26:57Z" finished-at="2017-04-04T12:27:05Z">
          <reporter-output>
          </reporter-output>
        </test-method> <!-- beforeMethod -->
        <test-method status="PASS" signature="FlightsWithXpth()[pri:0, instance:testng.SecondTest@17550481]" name="FlightsWithXpth" duration-ms="1065" started-at="2017-04-04T12:27:05Z" finished-at="2017-04-04T12:27:06Z">
          <reporter-output>
          </reporter-output>
        </test-method> <!-- FlightsWithXpth -->
      </class> <!-- testng.SecondTest -->
    </test> <!-- Command line test -->
  </suite> <!-- testng.SecondTest -->
</testng-results>
