<?xml version="1.0" encoding="UTF-8"?>
<testng-results skipped="0" failed="0" total="1" passed="1">
  <reporter-output>
  </reporter-output>
  <suite name="Default suite" duration-ms="145" started-at="2017-03-13T17:18:03Z" finished-at="2017-03-13T17:18:03Z">
    <groups>
    </groups>
    <test name="Default test" duration-ms="145" started-at="2017-03-13T17:18:03Z" finished-at="2017-03-13T17:18:03Z">
      <class name="com.maven.FirstTest">
        <test-method status="PASS" signature="f()[pri:0, instance:com.maven.FirstTest@4cc0edeb]" name="f" duration-ms="84" started-at="2017-03-13T13:18:03Z" finished-at="2017-03-13T13:18:03Z">
          <reporter-output>
          </reporter-output>
        </test-method> <!-- f -->
      </class> <!-- com.maven.FirstTest -->
    </test> <!-- Default test -->
  </suite> <!-- Default suite -->
</testng-results>
