<?xml version="1.0" encoding="UTF-8"?>
<testng-results skipped="0" failed="0" ignored="0" total="3" passed="3">
  <reporter-output>
  </reporter-output>
  <suite name="Default suite" duration-ms="238" started-at="2017-06-21T18:13:20Z" finished-at="2017-06-21T18:13:20Z">
    <groups>
    </groups>
    <test name="Default test" duration-ms="238" started-at="2017-06-21T18:13:20Z" finished-at="2017-06-21T18:13:20Z">
      <class name="NewTest">
        <test-method status="PASS" signature="a()[pri:0, instance:NewTest@66d2e7d9]" name="a" duration-ms="55" started-at="2017-06-21T14:13:20Z" finished-at="2017-06-21T14:13:20Z">
          <reporter-output>
          </reporter-output>
        </test-method> <!-- a -->
        <test-method status="PASS" signature="b()[pri:0, instance:NewTest@66d2e7d9]" name="b" duration-ms="6" started-at="2017-06-21T14:13:20Z" finished-at="2017-06-21T14:13:20Z">
          <reporter-output>
          </reporter-output>
        </test-method> <!-- b -->
        <test-method status="PASS" signature="c()[pri:0, instance:NewTest@66d2e7d9]" name="c" duration-ms="3" started-at="2017-06-21T14:13:20Z" finished-at="2017-06-21T14:13:20Z">
          <reporter-output>
          </reporter-output>
        </test-method> <!-- c -->
      </class> <!-- NewTest -->
    </test> <!-- Default test -->
  </suite> <!-- Default suite -->
</testng-results>
