<?xml version="1.0" encoding="UTF-8"?>
<!-- Generated by org.testng.reporters.JUnitXMLReporter -->
<testsuite hostname="thuluva" ignored="26" name="test1" tests="13" failures="0" timestamp="03 Apr 2017 16:28:17 GMT" time="99.472" errors="0">
  <testcase name="Car_RentsWithXpath" time="1.408" classname="testcase.TestNG_Grouping"/>
  <testcase name="ContactWithXpath" time="0.993" classname="testcase.TestNG_Grouping"/>
  <testcase name="CruisesWithXpath" time="1.206" classname="testcase.TestNG_Grouping"/>
  <testcase name="DestinationsWithXpath" time="1.136" classname="testcase.TestNG_Grouping"/>
  <testcase name="FeaturedVocationsWithXpath" time="1.556" classname="testcase.TestNG_Grouping"/>
  <testcase name="FlightsWithXpth" time="1.214" classname="testcase.TestNG_Grouping"/>
  <testcase name="Home_Test" time="0.073" classname="testcase.TestNG_Grouping"/>
  <testcase name="HotelsWithXpath" time="0.035" classname="testcase.TestNG_Grouping"/>
  <testcase name="RegisterWithXpath" time="1.623" classname="testcase.TestNG_Grouping"/>
  <testcase name="SignInWithXpath" time="1.695" classname="testcase.TestNG_Grouping"/>
  <testcase name="SupportWithXpath" time="1.198" classname="testcase.TestNG_Grouping"/>
  <testcase name="VocationsWithXpath" time="1.238" classname="testcase.TestNG_Grouping"/>
  <testcase name="YourDestinationWithXpath" time="1.207" classname="testcase.TestNG_Grouping"/>
  <testcase name="HotelsWithLinkText" time="0.0" classname="testcase.TestNG_Grouping">
    <ignored/>
  </testcase> <!-- HotelsWithLinkText -->
  <testcase name="ContactWithPartial_LinkText" time="0.0" classname="testcase.TestNG_Grouping">
    <ignored/>
  </testcase> <!-- ContactWithPartial_LinkText -->
  <testcase name="SupportWithLinkText" time="0.0" classname="testcase.TestNG_Grouping">
    <ignored/>
  </testcase> <!-- SupportWithLinkText -->
  <testcase name="Car_RentalsLinkText" time="0.0" classname="testcase.TestNG_Grouping">
    <ignored/>
  </testcase> <!-- Car_RentalsLinkText -->
  <testcase name="VocationsLinkWithPartil_LinkText" time="0.0" classname="testcase.TestNG_Grouping">
    <ignored/>
  </testcase> <!-- VocationsLinkWithPartil_LinkText -->
  <testcase name="Car_RentalsPartial_LinkText" time="0.0" classname="testcase.TestNG_Grouping">
    <ignored/>
  </testcase> <!-- Car_RentalsPartial_LinkText -->
  <testcase name="TcHomeWtihPartial_LinkText" time="0.0" classname="testcase.TestNG_Grouping">
    <ignored/>
  </testcase> <!-- TcHomeWtihPartial_LinkText -->
  <testcase name="RegisterWithPartialLinkText" time="0.0" classname="testcase.TestNG_Grouping">
    <ignored/>
  </testcase> <!-- RegisterWithPartialLinkText -->
  <testcase name="SigninwithPartialLinkText" time="0.0" classname="testcase.TestNG_Grouping">
    <ignored/>
  </testcase> <!-- SigninwithPartialLinkText -->
  <testcase name="ContactWithLinkText" time="0.0" classname="testcase.TestNG_Grouping">
    <ignored/>
  </testcase> <!-- ContactWithLinkText -->
  <testcase name="DestinationLinkWithPartial_LinkText" time="0.0" classname="testcase.TestNG_Grouping">
    <ignored/>
  </testcase> <!-- DestinationLinkWithPartial_LinkText -->
  <testcase name="FlightsWithLinkText" time="0.0" classname="testcase.TestNG_Grouping">
    <ignored/>
  </testcase> <!-- FlightsWithLinkText -->
  <testcase name="DestinationsWithLinkText" time="0.0" classname="testcase.TestNG_Grouping">
    <ignored/>
  </testcase> <!-- DestinationsWithLinkText -->
  <testcase name="VocationsWithLinkText" time="0.0" classname="testcase.TestNG_Grouping">
    <ignored/>
  </testcase> <!-- VocationsWithLinkText -->
  <testcase name="FlightsWithPartial_LinkText" time="0.0" classname="testcase.TestNG_Grouping">
    <ignored/>
  </testcase> <!-- FlightsWithPartial_LinkText -->
  <testcase name="SupportWithPartial_LinkText" time="0.0" classname="testcase.TestNG_Grouping">
    <ignored/>
  </testcase> <!-- SupportWithPartial_LinkText -->
  <testcase name="HotelsWithPartialLinkText" time="0.0" classname="testcase.TestNG_Grouping">
    <ignored/>
  </testcase> <!-- HotelsWithPartialLinkText -->
  <testcase name="VocationsWithPartialLinkText" time="0.0" classname="testcase.TestNG_Grouping">
    <ignored/>
  </testcase> <!-- VocationsWithPartialLinkText -->
  <testcase name="SigninwithLinkText" time="0.0" classname="testcase.TestNG_Grouping">
    <ignored/>
  </testcase> <!-- SigninwithLinkText -->
  <testcase name="TcHomeWtihLinkText" time="0.0" classname="testcase.TestNG_Grouping">
    <ignored/>
  </testcase> <!-- TcHomeWtihLinkText -->
  <testcase name="DestinationsWithPartialLinkText" time="0.0" classname="testcase.TestNG_Grouping">
    <ignored/>
  </testcase> <!-- DestinationsWithPartialLinkText -->
  <testcase name="VocationsLinkWithLinkText" time="0.0" classname="testcase.TestNG_Grouping">
    <ignored/>
  </testcase> <!-- VocationsLinkWithLinkText -->
  <testcase name="DestinationLinkWithLinkText" time="0.0" classname="testcase.TestNG_Grouping">
    <ignored/>
  </testcase> <!-- DestinationLinkWithLinkText -->
  <testcase name="CruisesWithPartialLinkText" time="0.0" classname="testcase.TestNG_Grouping">
    <ignored/>
  </testcase> <!-- CruisesWithPartialLinkText -->
  <testcase name="RegisterWithLinkText" time="0.0" classname="testcase.TestNG_Grouping">
    <ignored/>
  </testcase> <!-- RegisterWithLinkText -->
  <testcase name="CruisesWithLinkText" time="0.0" classname="testcase.TestNG_Grouping">
    <ignored/>
  </testcase> <!-- CruisesWithLinkText -->
</testsuite> <!-- test1 -->
